server/db.ts(2,22): error TS7016: Could not find a declaration file for module 'better-sqlite3'. 'C:/Users/Bhoomika S J/OneDrive/Desktop/Lavender-Motion (2)/Lavender-Motion/node_modules/better-sqlite3/lib/index.js' implicitly has an 'any' type.
  Try `npm i --save-dev @types/better-sqlite3` if it exists or add a new declaration (.d.ts) file containing `declare module 'better-sqlite3';`
server/storage.ts(51,38): error TS2769: No overload matches this call.
  Overload 1 of 2, '(value: { title: string | SQL<unknown> | Placeholder<string, any>; description: string | SQL<unknown> | Placeholder<string, any>; imageUrl: string | SQL<unknown> | Placeholder<...>; ... 5 more ...; order?: number | ... 3 more ... | undefined; }): SQLiteInsertBase<...>', gave the following error.
    Argument of type '{ title: string; description: string; imageUrl: string; tags: { [x: number]: string; length: number; toString: () => string; toLocaleString: { (): string; (locales: string | string[], options?: (NumberFormatOptions & DateTimeFormatOptions) | undefined): string; }; ... 37 more ...; readonly [Symbol.unscopables]: { .....' is not assignable to parameter of type '{ title: string | SQL<unknown> | Placeholder<string, any>; description: string | SQL<unknown> | Placeholder<string, any>; imageUrl: string | SQL<unknown> | Placeholder<...>; ... 5 more ...; order?: number | ... 3 more ... | undefined; }'.
      Type '{ title: string; description: string; imageUrl: string; tags: { [x: number]: string; length: number; toString: () => string; toLocaleString: { (): string; (locales: string | string[], options?: (NumberFormatOptions & DateTimeFormatOptions) | undefined): string; }; ... 37 more ...; readonly [Symbol.unscopables]: { .....' is missing the following properties from type '{ title: string | SQL<unknown> | Placeholder<string, any>; description: string | SQL<unknown> | Placeholder<string, any>; imageUrl: string | SQL<unknown> | Placeholder<...>; ... 5 more ...; order?: number | ... 3 more ... | undefined; }': title, description, imageUrl, tags
  Overload 2 of 2, '(values: { title: string | SQL<unknown> | Placeholder<string, any>; description: string | SQL<unknown> | Placeholder<string, any>; imageUrl: string | SQL<unknown> | Placeholder<...>; ... 5 more ...; order?: number | ... 3 more ... | undefined; }[]): SQLiteInsertBase<...>', gave the following error.
    Argument of type '{ title: string; description: string; imageUrl: string; tags: { [x: number]: string; length: number; toString: () => string; toLocaleString: { (): string; (locales: string | string[], options?: (NumberFormatOptions & DateTimeFormatOptions) | undefined): string; }; ... 37 more ...; readonly [Symbol.unscopables]: { .....' is not assignable to parameter of type '{ title: string | SQL<unknown> | Placeholder<string, any>; description: string | SQL<unknown> | Placeholder<string, any>; imageUrl: string | SQL<unknown> | Placeholder<...>; ... 5 more ...; order?: number | ... 3 more ... | undefined; }[]'.
      Type '{ title: string; description: string; imageUrl: string; tags: { [x: number]: string; length: number; toString: () => string; toLocaleString: { (): string; (locales: string | string[], options?: (NumberFormatOptions & DateTimeFormatOptions) | undefined): string; }; ... 37 more ...; readonly [Symbol.unscopables]: { .....' is not assignable to type '{ title: string | SQL<unknown> | Placeholder<string, any>; description: string | SQL<unknown> | Placeholder<string, any>; imageUrl: string | SQL<unknown> | Placeholder<...>; ... 5 more ...; order?: number | ... 3 more ... | undefined; }'.
        Types of property 'tags' are incompatible.
          Type '{ [x: number]: string; length: number; toString: () => string; toLocaleString: { (): string; (locales: string | string[], options?: (NumberFormatOptions & DateTimeFormatOptions) | undefined): string; }; ... 37 more ...; readonly [Symbol.unscopables]: { ...; }; }' is not assignable to type 'string[] | SQL<unknown> | Placeholder<string, any>'.
            Type '{ [x: number]: string; length: number; toString: () => string; toLocaleString: { (): string; (locales: string | string[], options?: (NumberFormatOptions & DateTimeFormatOptions) | undefined): string; }; ... 37 more ...; readonly [Symbol.unscopables]: { ...; }; }' is not assignable to type 'string[]'.
              The types returned by 'pop()' are incompatible between these types.
                Type 'unknown' is not assignable to type 'string | undefined'.
shared/schema.ts(1,38): error TS2305: Module '"drizzle-orm/sqlite-core"' has no exported member 'boolean'.
shared/schema.ts(23,62): error TS2345: Argument of type '0' is not assignable to parameter of type 'boolean | SQL<unknown>'.
